mode: atomic
github.com/gclkaze/evalang/evalangparser/utils/htmlutils.go:15.88,16.37 1 0
github.com/gclkaze/evalang/evalangparser/utils/htmlutils.go:16.37,18.3 1 0
github.com/gclkaze/evalang/evalangparser/utils/htmlutils.go:19.2,20.16 2 0
github.com/gclkaze/evalang/evalangparser/utils/htmlutils.go:20.16,22.3 1 0
github.com/gclkaze/evalang/evalangparser/utils/htmlutils.go:23.2,24.16 2 0
github.com/gclkaze/evalang/evalangparser/utils/htmlutils.go:24.16,26.3 1 0
github.com/gclkaze/evalang/evalangparser/utils/htmlutils.go:28.2,28.19 1 0
github.com/gclkaze/evalang/evalangparser/utils/htmlutils.go:28.19,30.3 1 0
github.com/gclkaze/evalang/evalangparser/utils/htmlutils.go:32.2,35.16 4 0
github.com/gclkaze/evalang/evalangparser/utils/htmlutils.go:35.16,37.3 1 0
github.com/gclkaze/evalang/evalangparser/utils/htmlutils.go:39.2,39.24 1 0
github.com/gclkaze/evalang/evalangparser/utils/htmlutils.go:42.63,46.2 3 0
github.com/gclkaze/evalang/evalangparser/utils/htmlutils.go:48.82,49.37 1 0
github.com/gclkaze/evalang/evalangparser/utils/htmlutils.go:49.37,51.3 1 0
github.com/gclkaze/evalang/evalangparser/utils/htmlutils.go:52.2,54.21 3 0
github.com/gclkaze/evalang/evalangparser/utils/htmlutils.go:54.21,56.3 1 0
github.com/gclkaze/evalang/evalangparser/utils/htmlutils.go:57.2,57.20 1 0
github.com/gclkaze/evalang/evalangparser/utils/htmlutils.go:57.20,59.3 1 0
github.com/gclkaze/evalang/evalangparser/utils/htmlutils.go:60.2,60.22 1 0
github.com/gclkaze/evalang/evalangparser/utils/htmlutils.go:63.81,64.37 1 0
github.com/gclkaze/evalang/evalangparser/utils/htmlutils.go:64.37,66.3 1 0
github.com/gclkaze/evalang/evalangparser/utils/htmlutils.go:67.2,69.19 3 0
github.com/gclkaze/evalang/evalangparser/utils/htmlutils.go:72.81,73.37 1 0
github.com/gclkaze/evalang/evalangparser/utils/htmlutils.go:73.37,75.3 1 0
github.com/gclkaze/evalang/evalangparser/utils/htmlutils.go:76.2,78.16 3 0
github.com/gclkaze/evalang/evalangparser/utils/htmlutils.go:78.16,80.3 1 0
github.com/gclkaze/evalang/evalangparser/utils/htmlutils.go:81.2,82.16 2 0
github.com/gclkaze/evalang/evalangparser/utils/htmlutils.go:82.16,84.3 1 0
github.com/gclkaze/evalang/evalangparser/utils/htmlutils.go:86.2,86.33 1 0
github.com/gclkaze/evalang/evalangparser/utils/htmlutils.go:86.33,90.17 4 0
github.com/gclkaze/evalang/evalangparser/utils/htmlutils.go:90.17,92.4 1 0
github.com/gclkaze/evalang/evalangparser/utils/htmlutils.go:93.3,93.32 1 0
github.com/gclkaze/evalang/evalangparser/utils/htmlutils.go:96.2,96.17 1 0
github.com/gclkaze/evalang/evalangparser/utils/htmlutils.go:123.70,125.16 2 0
github.com/gclkaze/evalang/evalangparser/utils/htmlutils.go:125.16,128.3 2 0
github.com/gclkaze/evalang/evalangparser/utils/htmlutils.go:131.2,141.21 3 0
github.com/gclkaze/evalang/evalangparser/utils/htmlutils.go:144.69,145.32 1 0
github.com/gclkaze/evalang/evalangparser/utils/htmlutils.go:145.32,148.31 2 0
github.com/gclkaze/evalang/evalangparser/utils/htmlutils.go:148.31,150.4 1 0
github.com/gclkaze/evalang/evalangparser/utils/htmlutils.go:151.8,151.36 1 0
github.com/gclkaze/evalang/evalangparser/utils/htmlutils.go:151.36,154.3 1 0
github.com/gclkaze/evalang/evalangparser/utils/htmlutils.go:156.2,159.53 3 0
github.com/gclkaze/evalang/evalangparser/utils/htmlutils.go:159.53,165.3 4 0
github.com/gclkaze/evalang/evalangparser/utils/htmlutils.go:167.2,167.25 1 0
github.com/gclkaze/evalang/evalangparser/utils/jsonutils.go:26.32,30.2 3 0
github.com/gclkaze/evalang/evalangparser/utils/jsonutils.go:32.35,34.2 1 0
github.com/gclkaze/evalang/evalangparser/utils/jsonutils.go:36.28,45.2 6 0
github.com/gclkaze/evalang/evalangparser/utils/jsonutils.go:47.102,53.94 4 0
github.com/gclkaze/evalang/evalangparser/utils/jsonutils.go:53.94,54.38 1 0
github.com/gclkaze/evalang/evalangparser/utils/jsonutils.go:54.38,56.18 2 0
github.com/gclkaze/evalang/evalangparser/utils/jsonutils.go:56.18,58.13 2 0
github.com/gclkaze/evalang/evalangparser/utils/jsonutils.go:60.4,60.19 1 0
github.com/gclkaze/evalang/evalangparser/utils/jsonutils.go:60.19,61.13 1 0
github.com/gclkaze/evalang/evalangparser/utils/jsonutils.go:63.4,63.17 1 0
github.com/gclkaze/evalang/evalangparser/utils/jsonutils.go:63.17,65.5 1 0
github.com/gclkaze/evalang/evalangparser/utils/jsonutils.go:66.4,69.11 3 0
github.com/gclkaze/evalang/evalangparser/utils/jsonutils.go:70.23,71.5 1 0
github.com/gclkaze/evalang/evalangparser/utils/jsonutils.go:71.5,73.11 2 0
github.com/gclkaze/evalang/evalangparser/utils/jsonutils.go:75.28,76.5 1 0
github.com/gclkaze/evalang/evalangparser/utils/jsonutils.go:76.5,78.11 2 0
github.com/gclkaze/evalang/evalangparser/utils/jsonutils.go:80.25,81.5 1 0
github.com/gclkaze/evalang/evalangparser/utils/jsonutils.go:81.5,83.14 2 0
github.com/gclkaze/evalang/evalangparser/utils/jsonutils.go:83.14,85.7 1 0
github.com/gclkaze/evalang/evalangparser/utils/jsonutils.go:86.6,87.14 2 0
github.com/gclkaze/evalang/evalangparser/utils/jsonutils.go:87.14,89.7 1 0
github.com/gclkaze/evalang/evalangparser/utils/jsonutils.go:90.6,91.11 2 0
github.com/gclkaze/evalang/evalangparser/utils/jsonutils.go:93.31,94.5 1 0
github.com/gclkaze/evalang/evalangparser/utils/jsonutils.go:94.5,96.14 2 0
github.com/gclkaze/evalang/evalangparser/utils/jsonutils.go:96.14,98.7 1 0
github.com/gclkaze/evalang/evalangparser/utils/jsonutils.go:99.6,100.14 2 0
github.com/gclkaze/evalang/evalangparser/utils/jsonutils.go:100.14,102.7 1 0
github.com/gclkaze/evalang/evalangparser/utils/jsonutils.go:103.6,104.11 2 0
github.com/gclkaze/evalang/evalangparser/utils/jsonutils.go:107.12,108.5 1 0
github.com/gclkaze/evalang/evalangparser/utils/jsonutils.go:108.5,110.14 2 0
github.com/gclkaze/evalang/evalangparser/utils/jsonutils.go:113.4,113.20 1 0
github.com/gclkaze/evalang/evalangparser/utils/jsonutils.go:117.2,117.11 1 0
github.com/gclkaze/evalang/evalangparser/utils/jsonutils.go:117.11,120.3 2 0
github.com/gclkaze/evalang/evalangparser/utils/jsonutils.go:122.2,122.17 1 0
github.com/gclkaze/evalang/evalangparser/utils/jsonutils.go:125.63,128.50 3 0
github.com/gclkaze/evalang/evalangparser/utils/jsonutils.go:128.50,130.3 1 0
github.com/gclkaze/evalang/evalangparser/utils/jsonutils.go:131.2,132.16 2 0
github.com/gclkaze/evalang/evalangparser/utils/jsonutils.go:132.16,133.12 1 0
github.com/gclkaze/evalang/evalangparser/utils/jsonutils.go:133.12,135.4 1 0
github.com/gclkaze/evalang/evalangparser/utils/jsonutils.go:136.3,136.19 1 0
github.com/gclkaze/evalang/evalangparser/utils/jsonutils.go:138.2,138.21 1 0
github.com/gclkaze/evalang/evalangparser/utils/jsonutils.go:141.69,144.50 3 0
github.com/gclkaze/evalang/evalangparser/utils/jsonutils.go:144.50,146.3 1 0
github.com/gclkaze/evalang/evalangparser/utils/jsonutils.go:147.2,147.22 1 0
github.com/gclkaze/evalang/evalangparser/utils/jsonutils.go:173.79,176.16 3 0
github.com/gclkaze/evalang/evalangparser/utils/jsonutils.go:176.16,179.3 2 0
github.com/gclkaze/evalang/evalangparser/utils/jsonutils.go:180.2,181.16 2 0
github.com/gclkaze/evalang/evalangparser/utils/jsonutils.go:181.16,184.3 2 0
github.com/gclkaze/evalang/evalangparser/utils/jsonutils.go:185.2,188.32 3 0
github.com/gclkaze/evalang/evalangparser/utils/jsonutils.go:188.32,190.3 1 0
github.com/gclkaze/evalang/evalangparser/utils/jsonutils.go:191.2,192.14 2 0
github.com/gclkaze/evalang/evalangparser/utils/restutils.go:16.152,20.16 2 0
github.com/gclkaze/evalang/evalangparser/utils/restutils.go:20.16,22.3 1 0
github.com/gclkaze/evalang/evalangparser/utils/restutils.go:25.2,26.16 2 0
github.com/gclkaze/evalang/evalangparser/utils/restutils.go:26.16,28.3 1 0
github.com/gclkaze/evalang/evalangparser/utils/restutils.go:35.2,39.16 4 0
github.com/gclkaze/evalang/evalangparser/utils/restutils.go:39.16,41.3 1 0
github.com/gclkaze/evalang/evalangparser/utils/restutils.go:42.2,46.16 3 0
github.com/gclkaze/evalang/evalangparser/utils/restutils.go:46.16,48.3 1 0
github.com/gclkaze/evalang/evalangparser/utils/restutils.go:50.2,54.24 2 0
github.com/gclkaze/evalang/evalangparser/utils/restutils.go:57.180,59.20 1 0
github.com/gclkaze/evalang/evalangparser/utils/restutils.go:59.20,61.3 1 0
github.com/gclkaze/evalang/evalangparser/utils/restutils.go:62.2,66.16 3 0
github.com/gclkaze/evalang/evalangparser/utils/restutils.go:66.16,68.3 1 0
github.com/gclkaze/evalang/evalangparser/utils/restutils.go:70.2,80.16 5 0
github.com/gclkaze/evalang/evalangparser/utils/restutils.go:80.16,82.3 1 0
github.com/gclkaze/evalang/evalangparser/utils/restutils.go:83.2,87.16 3 0
github.com/gclkaze/evalang/evalangparser/utils/restutils.go:87.16,89.3 1 0
github.com/gclkaze/evalang/evalangparser/utils/restutils.go:91.2,91.55 1 0
github.com/gclkaze/evalang/evalangparser/utils/restutils.go:91.55,93.3 1 0
github.com/gclkaze/evalang/evalangparser/utils/restutils.go:95.2,96.24 2 0
github.com/gclkaze/evalang/evalangparser/utils/restutils.go:99.124,102.16 2 0
github.com/gclkaze/evalang/evalangparser/utils/restutils.go:102.16,104.3 1 0
github.com/gclkaze/evalang/evalangparser/utils/restutils.go:106.2,111.16 4 0
github.com/gclkaze/evalang/evalangparser/utils/restutils.go:111.16,113.3 1 0
github.com/gclkaze/evalang/evalangparser/utils/restutils.go:114.2,117.38 2 0
github.com/gclkaze/evalang/evalangparser/utils/restutils.go:117.38,119.3 1 0
github.com/gclkaze/evalang/evalangparser/utils/restutils.go:122.2,123.16 2 0
github.com/gclkaze/evalang/evalangparser/utils/restutils.go:123.16,125.3 1 0
github.com/gclkaze/evalang/evalangparser/utils/restutils.go:126.2,130.16 3 0
github.com/gclkaze/evalang/evalangparser/utils/restutils.go:130.16,132.3 1 0
github.com/gclkaze/evalang/evalangparser/utils/restutils.go:135.2,135.18 1 0
github.com/gclkaze/evalang/evalangparser/utils/sqlutils.go:12.45,16.6 4 0
github.com/gclkaze/evalang/evalangparser/utils/sqlutils.go:16.6,18.20 2 0
github.com/gclkaze/evalang/evalangparser/utils/sqlutils.go:18.20,19.9 1 0
github.com/gclkaze/evalang/evalangparser/utils/sqlutils.go:22.3,22.17 1 0
github.com/gclkaze/evalang/evalangparser/utils/sqlutils.go:22.17,24.4 1 0
github.com/gclkaze/evalang/evalangparser/utils/sqlutils.go:25.3,26.31 2 0
github.com/gclkaze/evalang/evalangparser/utils/sqlutils.go:29.2,29.21 1 0
github.com/gclkaze/evalang/evalangparser/utils/sqlutils.go:32.45,47.6 5 0
github.com/gclkaze/evalang/evalangparser/utils/sqlutils.go:47.6,49.20 2 0
github.com/gclkaze/evalang/evalangparser/utils/sqlutils.go:49.20,50.9 1 0
github.com/gclkaze/evalang/evalangparser/utils/sqlutils.go:53.3,53.17 1 0
github.com/gclkaze/evalang/evalangparser/utils/sqlutils.go:53.17,55.4 1 0
github.com/gclkaze/evalang/evalangparser/utils/sqlutils.go:56.3,56.30 1 0
github.com/gclkaze/evalang/evalangparser/utils/sqlutils.go:57.26,60.12 3 0
github.com/gclkaze/evalang/evalangparser/utils/sqlutils.go:63.3,63.11 1 0
github.com/gclkaze/evalang/evalangparser/utils/sqlutils.go:66.2,66.16 1 0
github.com/gclkaze/evalang/evalangparser/utils/sqlutils.go:66.16,68.3 1 0
github.com/gclkaze/evalang/evalangparser/utils/sqlutils.go:69.2,69.24 1 0
github.com/gclkaze/evalang/evalangparser/utils/sqlutils.go:72.50,76.6 4 0
github.com/gclkaze/evalang/evalangparser/utils/sqlutils.go:76.6,78.20 2 0
github.com/gclkaze/evalang/evalangparser/utils/sqlutils.go:78.20,79.9 1 0
github.com/gclkaze/evalang/evalangparser/utils/sqlutils.go:82.3,82.17 1 0
github.com/gclkaze/evalang/evalangparser/utils/sqlutils.go:82.17,84.4 1 0
github.com/gclkaze/evalang/evalangparser/utils/sqlutils.go:85.3,87.30 2 0
github.com/gclkaze/evalang/evalangparser/utils/sqlutils.go:88.26,90.69 2 0
github.com/gclkaze/evalang/evalangparser/utils/sqlutils.go:92.3,92.31 1 0
github.com/gclkaze/evalang/evalangparser/utils/sqlutils.go:95.2,95.21 1 0
github.com/gclkaze/evalang/evalangparser/utils/stringutils.go:21.71,24.16 3 0
github.com/gclkaze/evalang/evalangparser/utils/stringutils.go:24.16,26.3 1 0
github.com/gclkaze/evalang/evalangparser/utils/stringutils.go:28.2,30.16 3 0
github.com/gclkaze/evalang/evalangparser/utils/stringutils.go:30.16,32.3 1 0
github.com/gclkaze/evalang/evalangparser/utils/stringutils.go:33.2,33.17 1 0
github.com/gclkaze/evalang/evalangparser/utils/stringutils.go:36.74,39.16 3 0
github.com/gclkaze/evalang/evalangparser/utils/stringutils.go:39.16,41.3 1 0
github.com/gclkaze/evalang/evalangparser/utils/stringutils.go:43.2,45.16 3 0
github.com/gclkaze/evalang/evalangparser/utils/stringutils.go:45.16,47.3 1 0
github.com/gclkaze/evalang/evalangparser/utils/stringutils.go:48.2,48.17 1 0
github.com/gclkaze/evalang/evalangparser/utils/stringutils.go:51.82,53.2 1 0
github.com/gclkaze/evalang/evalangparser/utils/stringutils.go:55.77,57.2 1 0
github.com/gclkaze/evalang/evalangparser/utils/stringutils.go:59.76,61.2 1 0
github.com/gclkaze/evalang/evalangparser/utils/stringutils.go:63.51,65.2 1 0
github.com/gclkaze/evalang/evalangparser/utils/stringutils.go:67.55,69.2 1 0
github.com/gclkaze/evalang/evalangparser/utils/stringutils.go:70.56,72.2 1 0
github.com/gclkaze/evalang/evalangparser/utils/stringutils.go:74.84,76.2 1 0
github.com/gclkaze/evalang/evalangparser/utils/stringutils.go:78.64,80.2 1 0
github.com/gclkaze/evalang/evalangparser/utils/stringutils.go:82.74,86.16 4 2
github.com/gclkaze/evalang/evalangparser/utils/stringutils.go:86.16,88.3 1 0
github.com/gclkaze/evalang/evalangparser/utils/stringutils.go:89.2,90.35 2 2
github.com/gclkaze/evalang/evalangparser/utils/stringutils.go:90.35,91.13 1 5
github.com/gclkaze/evalang/evalangparser/utils/stringutils.go:91.13,93.4 1 1
github.com/gclkaze/evalang/evalangparser/utils/stringutils.go:93.9,95.4 1 4
github.com/gclkaze/evalang/evalangparser/utils/stringutils.go:97.2,97.21 1 2
github.com/gclkaze/evalang/evalangparser/utils/stringutils.go:100.80,105.16 5 0
github.com/gclkaze/evalang/evalangparser/utils/stringutils.go:105.16,107.3 1 0
github.com/gclkaze/evalang/evalangparser/utils/stringutils.go:108.2,109.35 2 0
github.com/gclkaze/evalang/evalangparser/utils/stringutils.go:109.35,110.13 1 0
github.com/gclkaze/evalang/evalangparser/utils/stringutils.go:110.13,112.4 1 0
github.com/gclkaze/evalang/evalangparser/utils/stringutils.go:112.9,114.4 1 0
github.com/gclkaze/evalang/evalangparser/utils/stringutils.go:116.2,116.32 1 0
github.com/gclkaze/evalang/evalangparser/utils/stringutils.go:119.74,120.42 1 0
github.com/gclkaze/evalang/evalangparser/utils/stringutils.go:120.42,123.3 2 0
github.com/gclkaze/evalang/evalangparser/utils/stringutils.go:124.2,124.13 1 0
github.com/gclkaze/evalang/evalangparser/utils/stringutils.go:127.53,128.13 1 6
github.com/gclkaze/evalang/evalangparser/utils/stringutils.go:128.13,130.3 1 1
github.com/gclkaze/evalang/evalangparser/utils/stringutils.go:131.2,134.31 4 5
github.com/gclkaze/evalang/evalangparser/utils/stringutils.go:134.31,136.3 1 2
github.com/gclkaze/evalang/evalangparser/utils/stringutils.go:137.2,137.10 1 3
github.com/gclkaze/evalang/evalangparser/utils/stringutils.go:140.42,142.22 2 0
github.com/gclkaze/evalang/evalangparser/utils/stringutils.go:142.22,144.50 2 0
github.com/gclkaze/evalang/evalangparser/utils/stringutils.go:144.50,146.4 1 0
github.com/gclkaze/evalang/evalangparser/utils/stringutils.go:147.3,148.22 2 0
github.com/gclkaze/evalang/evalangparser/utils/stringutils.go:150.2,150.20 1 0
github.com/gclkaze/evalang/evalangparser/utils/stringutils.go:153.39,155.16 2 0
github.com/gclkaze/evalang/evalangparser/utils/stringutils.go:155.16,157.3 1 0
github.com/gclkaze/evalang/evalangparser/utils/stringutils.go:158.2,159.14 2 0
github.com/gclkaze/evalang/evalangparser/utils/stringutils.go:162.40,165.16 2 0
github.com/gclkaze/evalang/evalangparser/utils/stringutils.go:165.16,167.3 1 0
github.com/gclkaze/evalang/evalangparser/utils/stringutils.go:168.2,169.11 2 0
github.com/gclkaze/evalang/evalangparser/utils/stringutils.go:172.67,176.16 3 0
github.com/gclkaze/evalang/evalangparser/utils/stringutils.go:176.16,178.3 1 0
github.com/gclkaze/evalang/evalangparser/utils/stringutils.go:179.2,179.12 1 0
github.com/gclkaze/evalang/evalangparser/utils/stringutils.go:182.51,183.22 1 0
github.com/gclkaze/evalang/evalangparser/utils/stringutils.go:183.22,185.3 1 0
github.com/gclkaze/evalang/evalangparser/utils/stringutils.go:186.2,186.26 1 0
github.com/gclkaze/evalang/evalangparser/utils/stringutils.go:189.48,190.38 1 0
github.com/gclkaze/evalang/evalangparser/utils/stringutils.go:190.38,192.3 1 0
github.com/gclkaze/evalang/evalangparser/utils/stringutils.go:195.43,198.2 2 0
github.com/gclkaze/evalang/evalangparser/utils/stringutils.go:200.40,203.2 2 0
github.com/gclkaze/evalang/evalangparser/utils/stringutils.go:205.40,208.2 2 0
github.com/gclkaze/evalang/evalangparser/utils/stringutils.go:210.59,211.17 1 0
github.com/gclkaze/evalang/evalangparser/utils/stringutils.go:211.17,213.3 1 0
github.com/gclkaze/evalang/evalangparser/utils/stringutils.go:214.2,214.35 1 0
github.com/gclkaze/evalang/evalangparser/utils/stringutils.go:217.55,223.2 4 0
github.com/gclkaze/evalang/evalangparser/utils/stringutils.go:224.31,226.2 1 0
github.com/gclkaze/evalang/evalangparser/utils/stringutils.go:228.42,232.23 3 0
github.com/gclkaze/evalang/evalangparser/utils/stringutils.go:232.23,234.27 2 0
github.com/gclkaze/evalang/evalangparser/utils/stringutils.go:234.27,235.12 1 0
github.com/gclkaze/evalang/evalangparser/utils/stringutils.go:237.3,238.23 2 0
github.com/gclkaze/evalang/evalangparser/utils/stringutils.go:240.2,240.12 1 0
github.com/gclkaze/evalang/evalangparser/utils/stringutils.go:243.65,246.16 2 0
github.com/gclkaze/evalang/evalangparser/utils/stringutils.go:246.16,248.3 1 0
github.com/gclkaze/evalang/evalangparser/utils/stringutils.go:250.2,253.18 3 0
github.com/gclkaze/evalang/evalangparser/utils/stringutils.go:253.18,257.33 2 0
github.com/gclkaze/evalang/evalangparser/utils/stringutils.go:257.33,259.32 1 0
github.com/gclkaze/evalang/evalangparser/utils/stringutils.go:260.48,261.38 1 0
github.com/gclkaze/evalang/evalangparser/utils/stringutils.go:262.16,263.36 1 0
github.com/gclkaze/evalang/evalangparser/utils/stringutils.go:264.18,265.39 1 0
github.com/gclkaze/evalang/evalangparser/utils/stringutils.go:266.18,267.37 1 0
github.com/gclkaze/evalang/evalangparser/utils/stringutils.go:268.16,269.37 1 0
github.com/gclkaze/evalang/evalangparser/utils/stringutils.go:270.12,271.38 1 0
github.com/gclkaze/evalang/evalangparser/utils/stringutils.go:275.3,277.17 2 0
github.com/gclkaze/evalang/evalangparser/utils/stringutils.go:277.17,279.4 1 0
github.com/gclkaze/evalang/evalangparser/utils/stringutils.go:281.3,283.33 2 0
github.com/gclkaze/evalang/evalangparser/utils/stringutils.go:283.33,286.53 2 0
github.com/gclkaze/evalang/evalangparser/utils/stringutils.go:286.53,288.12 2 0
github.com/gclkaze/evalang/evalangparser/utils/stringutils.go:288.12,290.14 2 0
github.com/gclkaze/evalang/evalangparser/utils/stringutils.go:292.5,292.12 1 0
github.com/gclkaze/evalang/evalangparser/utils/stringutils.go:292.12,294.14 2 0
github.com/gclkaze/evalang/evalangparser/utils/stringutils.go:296.5,297.13 2 0
github.com/gclkaze/evalang/evalangparser/utils/stringutils.go:299.4,299.30 1 0
github.com/gclkaze/evalang/evalangparser/utils/stringutils.go:299.30,301.12 2 0
github.com/gclkaze/evalang/evalangparser/utils/stringutils.go:301.12,303.14 2 0
github.com/gclkaze/evalang/evalangparser/utils/stringutils.go:305.5,306.13 2 0
github.com/gclkaze/evalang/evalangparser/utils/stringutils.go:308.4,308.31 1 0
github.com/gclkaze/evalang/evalangparser/utils/stringutils.go:308.31,310.12 2 0
github.com/gclkaze/evalang/evalangparser/utils/stringutils.go:310.12,312.14 2 0
github.com/gclkaze/evalang/evalangparser/utils/stringutils.go:314.5,315.19 2 0
github.com/gclkaze/evalang/evalangparser/utils/stringutils.go:315.19,317.14 2 0
github.com/gclkaze/evalang/evalangparser/utils/stringutils.go:319.5,320.13 2 0
github.com/gclkaze/evalang/evalangparser/utils/stringutils.go:323.4,323.28 1 0
github.com/gclkaze/evalang/evalangparser/utils/stringutils.go:323.28,325.12 2 0
github.com/gclkaze/evalang/evalangparser/utils/stringutils.go:325.12,327.14 2 0
github.com/gclkaze/evalang/evalangparser/utils/stringutils.go:329.5,330.19 2 0
github.com/gclkaze/evalang/evalangparser/utils/stringutils.go:330.19,332.14 2 0
github.com/gclkaze/evalang/evalangparser/utils/stringutils.go:334.5,335.13 2 0
github.com/gclkaze/evalang/evalangparser/utils/stringutils.go:337.4,337.55 1 0
github.com/gclkaze/evalang/evalangparser/utils/stringutils.go:337.55,339.12 2 0
github.com/gclkaze/evalang/evalangparser/utils/stringutils.go:339.12,341.14 2 0
github.com/gclkaze/evalang/evalangparser/utils/stringutils.go:344.5,345.13 2 0
github.com/gclkaze/evalang/evalangparser/utils/stringutils.go:349.3,349.44 1 0
github.com/gclkaze/evalang/evalangparser/utils/stringutils.go:355.2,355.23 1 0
github.com/gclkaze/evalang/evalangparser/utils/stringutils.go:358.30,359.14 1 0
github.com/gclkaze/evalang/evalangparser/utils/stringutils.go:359.14,361.3 1 0
github.com/gclkaze/evalang/evalangparser/utils/stringutils.go:362.2,362.59 1 0
github.com/gclkaze/evalang/evalangparser/utils/stringutils.go:362.59,364.3 1 0
github.com/gclkaze/evalang/evalangparser/utils/stringutils.go:364.8,367.21 2 0
github.com/gclkaze/evalang/evalangparser/utils/stringutils.go:367.21,369.4 1 0
github.com/gclkaze/evalang/evalangparser/utils/stringutils.go:370.3,370.16 1 0
github.com/gclkaze/evalang/evalangparser/utils/sysutils.go:11.55,16.16 3 0
github.com/gclkaze/evalang/evalangparser/utils/sysutils.go:16.16,19.3 2 0
github.com/gclkaze/evalang/evalangparser/utils/sysutils.go:21.2,21.54 1 0
github.com/gclkaze/evalang/evalangparser/utils/sysutils.go:24.57,26.15 2 0
github.com/gclkaze/evalang/evalangparser/utils/sysutils.go:26.15,28.3 1 0
github.com/gclkaze/evalang/evalangparser/utils/sysutils.go:29.2,29.38 1 0
github.com/gclkaze/evalang/evalangparser/utils/sysutils.go:29.38,31.3 1 0
github.com/gclkaze/evalang/evalangparser/utils/sysutils.go:32.2,32.19 1 0
github.com/gclkaze/evalang/evalangparser/utils/sysutils.go:35.59,37.16 2 0
github.com/gclkaze/evalang/evalangparser/utils/sysutils.go:37.16,39.3 1 0
github.com/gclkaze/evalang/evalangparser/utils/sysutils.go:40.2,41.16 2 0
github.com/gclkaze/evalang/evalangparser/utils/sysutils.go:41.16,43.3 1 0
github.com/gclkaze/evalang/evalangparser/utils/sysutils.go:44.2,44.28 1 0
github.com/gclkaze/evalang/evalangparser/utils/sysutils.go:47.42,48.22 1 0
github.com/gclkaze/evalang/evalangparser/utils/sysutils.go:49.17,50.43 1 0
github.com/gclkaze/evalang/evalangparser/utils/sysutils.go:51.15,52.42 1 0
github.com/gclkaze/evalang/evalangparser/utils/sysutils.go:54.2,54.12 1 0
github.com/gclkaze/evalang/evalangparser/utils/sysutils.go:57.29,59.2 1 0
github.com/gclkaze/evalang/evalangparser/utils/typeconversions.go:10.55,11.14 1 0
github.com/gclkaze/evalang/evalangparser/utils/typeconversions.go:11.14,13.3 1 0
github.com/gclkaze/evalang/evalangparser/utils/typeconversions.go:14.2,14.18 1 0
github.com/gclkaze/evalang/evalangparser/utils/typeconversions.go:15.14,16.26 1 0
github.com/gclkaze/evalang/evalangparser/utils/typeconversions.go:17.10,18.19 1 0
github.com/gclkaze/evalang/evalangparser/utils/typeconversions.go:22.56,23.14 1 0
github.com/gclkaze/evalang/evalangparser/utils/typeconversions.go:23.14,25.3 1 0
github.com/gclkaze/evalang/evalangparser/utils/typeconversions.go:26.2,27.10 2 0
github.com/gclkaze/evalang/evalangparser/utils/typeconversions.go:27.10,29.17 2 0
github.com/gclkaze/evalang/evalangparser/utils/typeconversions.go:29.17,31.4 1 0
github.com/gclkaze/evalang/evalangparser/utils/typeconversions.go:32.3,32.20 1 0
github.com/gclkaze/evalang/evalangparser/utils/typeconversions.go:34.2,34.18 1 0
github.com/gclkaze/evalang/evalangparser/utils/typeconversions.go:37.65,38.14 1 0
github.com/gclkaze/evalang/evalangparser/utils/typeconversions.go:38.14,40.3 1 0
github.com/gclkaze/evalang/evalangparser/utils/typeconversions.go:41.2,42.10 2 0
github.com/gclkaze/evalang/evalangparser/utils/typeconversions.go:42.10,44.3 1 0
github.com/gclkaze/evalang/evalangparser/utils/typeconversions.go:45.2,45.17 1 0
github.com/gclkaze/evalang/evalangparser/utils/typeconversions.go:48.94,50.14 1 0
github.com/gclkaze/evalang/evalangparser/utils/typeconversions.go:50.14,52.3 1 0
github.com/gclkaze/evalang/evalangparser/utils/typeconversions.go:53.2,53.18 1 0
github.com/gclkaze/evalang/evalangparser/utils/typeconversions.go:54.15,57.28 2 0
github.com/gclkaze/evalang/evalangparser/utils/typeconversions.go:57.28,59.4 1 0
github.com/gclkaze/evalang/evalangparser/utils/typeconversions.go:61.3,61.33 1 0
github.com/gclkaze/evalang/evalangparser/utils/typeconversions.go:62.13,65.43 2 0
github.com/gclkaze/evalang/evalangparser/utils/typeconversions.go:69.2,69.32 1 0
github.com/gclkaze/evalang/evalangparser/utils/typeconversions.go:72.51,73.14 1 0
github.com/gclkaze/evalang/evalangparser/utils/typeconversions.go:73.14,75.3 1 0
github.com/gclkaze/evalang/evalangparser/utils/typeconversions.go:76.2,78.10 3 0
github.com/gclkaze/evalang/evalangparser/utils/typeconversions.go:78.10,80.17 2 0
github.com/gclkaze/evalang/evalangparser/utils/typeconversions.go:80.17,82.4 1 0
github.com/gclkaze/evalang/evalangparser/utils/typeconversions.go:83.3,83.20 1 0
github.com/gclkaze/evalang/evalangparser/utils/typeconversions.go:85.2,85.20 1 0
github.com/gclkaze/evalang/evalangparser/utils/typeconversions.go:88.69,89.18 1 0
github.com/gclkaze/evalang/evalangparser/utils/typeconversions.go:90.32,91.3 1 0
github.com/gclkaze/evalang/evalangparser/utils/typeconversions.go:91.3,93.20 2 0
github.com/gclkaze/evalang/evalangparser/utils/typeconversions.go:93.20,95.5 1 0
github.com/gclkaze/evalang/evalangparser/utils/typeconversions.go:96.4,98.16 3 0
github.com/gclkaze/evalang/evalangparser/utils/typeconversions.go:98.16,100.5 1 0
github.com/gclkaze/evalang/evalangparser/utils/typeconversions.go:102.4,103.14 2 0
github.com/gclkaze/evalang/evalangparser/utils/typeconversions.go:103.14,105.5 1 0
github.com/gclkaze/evalang/evalangparser/utils/typeconversions.go:107.4,108.16 2 0
github.com/gclkaze/evalang/evalangparser/utils/typeconversions.go:108.16,109.29 1 0
github.com/gclkaze/evalang/evalangparser/utils/typeconversions.go:109.29,111.6 1 0
github.com/gclkaze/evalang/evalangparser/utils/typeconversions.go:112.5,112.43 1 0
github.com/gclkaze/evalang/evalangparser/utils/typeconversions.go:115.4,116.14 2 0
github.com/gclkaze/evalang/evalangparser/utils/typeconversions.go:116.14,118.5 1 0
github.com/gclkaze/evalang/evalangparser/utils/typeconversions.go:120.10,122.41 1 0
github.com/gclkaze/evalang/evalangparser/utils/typeconversions.go:124.2,124.11 1 0
github.com/gclkaze/evalang/evalangparser/utils/typeconversions.go:125.2,125.40 1 0
